#
# There is insufficient memory for the Java Runtime Environment to continue.
# Native memory allocation (malloc) failed to allocate 1048576 bytes for AllocateHeap
# Possible reasons:
#   The system is out of physical RAM or swap space
#   The process is running with CompressedOops enabled, and the Java Heap may be blocking the growth of the native heap
# Possible solutions:
#   Reduce memory load on the system
#   Increase physical memory or swap space
#   Check if swap backing store is full
#   Decrease Java heap size (-Xmx/-Xms)
#   Decrease number of Java threads
#   Decrease Java thread stack sizes (-Xss)
#   Set larger code cache with -XX:ReservedCodeCacheSize=
#   JVM is running with Unscaled Compressed Oops mode in which the Java heap is
#     placed in the first 4GB address space. The Java Heap base address is the
#     maximum limit for the native heap growth. Please use -XX:HeapBaseMinAddress
#     to set the Java Heap base and to place the Java Heap above 4GB virtual address.
# This output file may be truncated or incomplete.
#
#  Out of Memory Error (./open/src/hotspot/share/memory/allocation.cpp:44), pid=18000, tid=14472
#
# JRE version: Java(TM) SE Runtime Environment (14.0.2+12) (build 14.0.2+12-46)
# Java VM: Java HotSpot(TM) 64-Bit Server VM (14.0.2+12-46, mixed mode, sharing, tiered, compressed oops, g1 gc, windows-amd64)
# No core dump will be written. Minidumps are not enabled by default on client versions of Windows
#

---------------  S U M M A R Y ------------

Command Line: --add-modules=ALL-DEFAULT jdk.compiler/com.sun.tools.javac.launcher.Main hw1.java k1.txt p1.txt

Host: Intel(R) Core(TM) i5-8250U CPU @ 1.60GHz, 8 cores, 7G,  Windows 10 , 64 bit Build 18362 (10.0.18362.1082)
Time: Sun Sep 20 17:35:16 2020 Eastern Daylight Time elapsed time: 0 seconds (0d 0h 0m 0s)

---------------  T H R E A D  ---------------

Current thread (0x0000016f54230000):  VMThread "VM Thread" [stack: 0x000000242e800000,0x000000242e900000] [id=14472]

Stack: [0x000000242e800000,0x000000242e900000]
[error occurred during error reporting (printing stack bounds), id 0xc0000005, EXCEPTION_ACCESS_VIOLATION (0xc0000005) at pc=0x0000016f3da410ad]

Native frames: (J=compiled Java code, j=interpreted, Vv=VM code, C=native code)
V  [jvm.dll+0x5f8a9a]
V  [jvm.dll+0x74247a]
V  [jvm.dll+0x743c2f]
V  [jvm.dll+0x7441d5]
V  [jvm.dll+0x74418b]
V  [jvm.dll+0x5f7f6f]
V  [jvm.dll+0x5f8738]
C  [ntdll.dll+0xa11cf]
C  [ntdll.dll+0x6a209]
C  [ntdll.dll+0x9fe3e]
C  0x0000016f3da410ad

VM_Operation (0x000000242e2fcbf0): CollectForMetadataAllocation, mode: safepoint, requested by thread 0x0000016f3529d800


---------------  P R O C E S S  ---------------

Threads class SMR info:
_java_thread_list=0x0000016f550f65a0, length=12, elements={
0x0000016f3529d800, 0x0000016f54234000, 0x0000016f54236000, 0x0000016f54270800,
0x0000016f54273800, 0x0000016f54275000, 0x0000016f54277000, 0x0000016f5427e000,
0x0000016f54f80800, 0x0000016f5509d000, 0x0000016f550b5000, 0x0000016f550f7000
}

Java Threads: ( => current thread )
  0x0000016f3529d800 JavaThread "main" [_thread_blocked, id=14628, stack(0x000000242e200000,0x000000242e300000)]
  0x0000016f54234000 JavaThread "Reference Handler" daemon [_thread_blocked, id=9132, stack(0x000000242e900000,0x000000242ea00000)]
  0x0000016f54236000 JavaThread "Finalizer" daemon [_thread_blocked, id=10452, stack(0x000000242ea00000,0x000000242eb00000)]
  0x0000016f54270800 JavaThread "Signal Dispatcher" daemon [_thread_blocked, id=5960, stack(0x000000242eb00000,0x000000242ec00000)]
  0x0000016f54273800 JavaThread "Attach Listener" daemon [_thread_blocked, id=12608, stack(0x000000242ec00000,0x000000242ed00000)]
  0x0000016f54275000 JavaThread "Service Thread" daemon [_thread_blocked, id=14828, stack(0x000000242ed00000,0x000000242ee00000)]
  0x0000016f54277000 JavaThread "C2 CompilerThread0" daemon [_thread_blocked, id=15184, stack(0x000000242ee00000,0x000000242ef00000)]
  0x0000016f5427e000 JavaThread "C1 CompilerThread0" daemon [_thread_blocked, id=16568, stack(0x000000242ef00000,0x000000242f000000)]
  0x0000016f54f80800 JavaThread "Sweeper thread" daemon [_thread_blocked, id=5108, stack(0x000000242f000000,0x000000242f100000)]
  0x0000016f5509d000 JavaThread "Common-Cleaner" daemon [_thread_blocked, id=10796, stack(0x000000242f100000,0x000000242f200000)]
  0x0000016f550b5000 JavaThread "C2 CompilerThread1" daemon [_thread_blocked, id=16128, stack(0x000000242f200000,0x000000242f300000)]
  0x0000016f550f7000 JavaThread "Notification Thread" daemon [_thread_blocked, id=6600, stack(0x000000242f300000,0x000000242f400000)]

Other Threads:
=>0x0000016f54230000 VMThread "VM Thread" [stack: 0x000000242e800000,0x000000242e900000] [id=14472]
  0x0000016f550fb000 WatcherThread [stack: 0x000000242f400000,0x000000242f500000] [id=5868]
  0x0000016f352dd800 GCTaskThread "GC Thread#0" [stack: 0x000000242e300000,0x000000242e400000] [id=4788]
  0x0000016f55247800 GCTaskThread "GC Thread#1" [stack: 0x000000242f500000,0x000000242f600000] [id=10416]
  0x0000016f55156000 GCTaskThread "GC Thread#2" [stack: 0x000000242f600000,0x000000242f700000] [id=10480]
  0x0000016f352ef000 ConcurrentGCThread "G1 Main Marker" [stack: 0x000000242e400000,0x000000242e500000] [id=2716]
  0x0000016f352f2800 ConcurrentGCThread "G1 Conc#0" [stack: 0x000000242e500000,0x000000242e600000] [id=13024]
  0x0000016f5515c800 ConcurrentGCThread "G1 Conc#1" [stack: 0x000000242f700000,0x000000242f800000] [id=11988]
  0x0000016f3536d800 ConcurrentGCThread "G1 Refine#0" [stack: 0x000000242e600000,0x000000242e700000] [id=16776]
  0x0000016f540a3800 ConcurrentGCThread "G1 Young RemSet Sampling" [stack: 0x000000242e700000,0x000000242e800000] [id=8736]

Threads with active compile tasks:
C1 CompilerThread0      390  264       3       java.lang.invoke.MethodType$ConcurrentWeakInternSet::expungeStaleElements (27 bytes)

VM state:at safepoint (normal execution)

VM Mutex/Monitor currently owned by a thread:  ([mutex/lock_event])
[0x0000016f35297000] Threads_lock - owner thread: 0x0000016f54230000
[0x0000016f352975a0] Heap_lock - owner thread: 0x0000016f3529d800

Heap address: 0x0000000082800000, size: 2008 MB, Compressed Oops mode: 32-bit
Narrow klass base: 0x0000000800000000, Narrow klass shift: 3
Compressed class space size: 1073741824 Address: 0x0000000800b30000

Heap:
 garbage-first heap   total 129024K, used 900K [0x0000000082800000, 0x0000000100000000)
  region size 1024K, 1 young (1024K), 1 survivors (1024K)
 Metaspace       used 1303K, capacity 1726K, committed 1792K, reserved 1062912K
  class space    used 149K, capacity 512K, committed 512K, reserved 1048576K
Heap Regions: E=young(eden), S=young(survivor), O=old, HS=humongous(starts), HC=humongous(continues), CS=collection set, F=free, OA=open archive, CA=closed archive, TAMS=top-at-mark-start (previous, next)
|   0|0x0000000082800000, 0x0000000082800000, 0x0000000082900000|  0%| F|  |TAMS 0x0000000082800000, 0x0000000082800000| Untracked 
|   1|0x0000000082900000, 0x0000000082900000, 0x0000000082a00000|  0%| F|  |TAMS 0x0000000082900000, 0x0000000082900000| Untracked 
|   2|0x0000000082a00000, 0x0000000082a00000, 0x0000000082b00000|  0%| F|  |TAMS 0x0000000082a00000, 0x0000000082a00000| Untracked 
|   3|0x0000000082b00000, 0x0000000082b00000, 0x0000000082c00000|  0%| F|  |TAMS 0x0000000082b00000, 0x0000000082b00000| Untracked 
|   4|0x0000000082c00000, 0x0000000082c00000, 0x0000000082d00000|  0%| F|  |TAMS 0x0000000082c00000, 0x0000000082c00000| Untracked 
|   5|0x0000000082d00000, 0x0000000082d00000, 0x0000000082e00000|  0%| F|  |TAMS 0x0000000082d00000, 0x0000000082d00000| Untracked 
|   6|0x0000000082e00000, 0x0000000082e00000, 0x0000000082f00000|  0%| F|  |TAMS 0x0000000082e00000, 0x0000000082e00000| Untracked 
|   7|0x0000000082f00000, 0x0000000082f00000, 0x0000000083000000|  0%| F|  |TAMS 0x0000000082f00000, 0x0000000082f00000| Untracked 
|   8|0x0000000083000000, 0x0000000083000000, 0x0000000083100000|  0%| F|  |TAMS 0x0000000083000000, 0x0000000083000000| Untracked 
|   9|0x0000000083100000, 0x0000000083100000, 0x0000000083200000|  0%| F|  |TAMS 0x0000000083100000, 0x0000000083100000| Untracked 
|  10|0x0000000083200000, 0x0000000083200000, 0x0000000083300000|  0%| F|  |TAMS 0x0000000083200000, 0x0000000083200000| Untracked 
|  11|0x0000000083300000, 0x0000000083300000, 0x0000000083400000|  0%| F|  |TAMS 0x0000000083300000, 0x0000000083300000| Untracked 
|  12|0x0000000083400000, 0x0000000083400000, 0x0000000083500000|  0%| F|  |TAMS 0x0000000083400000, 0x0000000083400000| Untracked 
|  13|0x0000000083500000, 0x0000000083500000, 0x0000000083600000|  0%| F|  |TAMS 0x0000000083500000, 0x0000000083500000| Untracked 
|  14|0x0000000083600000, 0x0000000083600000, 0x0000000083700000|  0%| F|  |TAMS 0x0000000083600000, 0x0000000083600000| Untracked 
|  15|0x0000000083700000, 0x0000000083700000, 0x0000000083800000|  0%| F|  |TAMS 0x0000000083700000, 0x0000000083700000| Untracked 
|  16|0x0000000083800000, 0x0000000083800000, 0x0000000083900000|  0%| F|  |TAMS 0x0000000083800000, 0x0000000083800000| Untracked 
|  17|0x0000000083900000, 0x0000000083900000, 0x0000000083a00000|  0%| F|  |TAMS 0x0000000083900000, 0x0000000083900000| Untracked 
|  18|0x0000000083a00000, 0x0000000083a00000, 0x0000000083b00000|  0%| F|  |TAMS 0x0000000083a00000, 0x0000000083a00000| Untracked 
|  19|0x0000000083b00000, 0x0000000083b00000, 0x0000000083c00000|  0%| F|  |TAMS 0x0000000083b00000, 0x0000000083b00000| Untracked 
|  20|0x0000000083c00000, 0x0000000083c00000, 0x0000000083d00000|  0%| F|  |TAMS 0x0000000083c00000, 0x0000000083c00000| Untracked 
|  21|0x0000000083d00000, 0x0000000083d00000, 0x0000000083e00000|  0%| F|  |TAMS 0x0000000083d00000, 0x0000000083d00000| Untracked 
|  22|0x0000000083e00000, 0x0000000083e00000, 0x0000000083f00000|  0%| F|  |TAMS 0x0000000083e00000, 0x0000000083e00000| Untracked 
|  23|0x0000000083f00000, 0x0000000083f00000, 0x0000000084000000|  0%| F|  |TAMS 0x0000000083f00000, 0x0000000083f00000| Untracked 
|  24|0x0000000084000000, 0x0000000084000000, 0x0000000084100000|  0%| F|  |TAMS 0x0000000084000000, 0x0000000084000000| Untracked 
|  25|0x0000000084100000, 0x0000000084100000, 0x0000000084200000|  0%| F|  |TAMS 0x0000000084100000, 0x0000000084100000| Untracked 
|  26|0x0000000084200000, 0x0000000084200000, 0x0000000084300000|  0%| F|  |TAMS 0x0000000084200000, 0x0000000084200000| Untracked 
|  27|0x0000000084300000, 0x0000000084300000, 0x0000000084400000|  0%| F|  |TAMS 0x0000000084300000, 0x0000000084300000| Untracked 
|  28|0x0000000084400000, 0x0000000084400000, 0x0000000084500000|  0%| F|  |TAMS 0x0000000084400000, 0x0000000084400000| Untracked 
|  29|0x0000000084500000, 0x0000000084500000, 0x0000000084600000|  0%| F|  |TAMS 0x0000000084500000, 0x0000000084500000| Untracked 
|  30|0x0000000084600000, 0x0000000084600000, 0x0000000084700000|  0%| F|  |TAMS 0x0000000084600000, 0x0000000084600000| Untracked 
|  31|0x0000000084700000, 0x0000000084700000, 0x0000000084800000|  0%| F|  |TAMS 0x0000000084700000, 0x0000000084700000| Untracked 
|  32|0x0000000084800000, 0x0000000084800000, 0x0000000084900000|  0%| F|  |TAMS 0x0000000084800000, 0x0000000084800000| Untracked 
|  33|0x0000000084900000, 0x0000000084900000, 0x0000000084a00000|  0%| F|  |TAMS 0x0000000084900000, 0x0000000084900000| Untracked 
|  34|0x0000000084a00000, 0x0000000084a00000, 0x0000000084b00000|  0%| F|  |TAMS 0x0000000084a00000, 0x0000000084a00000| Untracked 
|  35|0x0000000084b00000, 0x0000000084b00000, 0x0000000084c00000|  0%| F|  |TAMS 0x0000000084b00000, 0x0000000084b00000| Untracked 
|  36|0x0000000084c00000, 0x0000000084c00000, 0x0000000084d00000|  0%| F|  |TAMS 0x0000000084c00000, 0x0000000084c00000| Untracked 
|  37|0x0000000084d00000, 0x0000000084d00000, 0x0000000084e00000|  0%| F|  |TAMS 0x0000000084d00000, 0x0000000084d00000| Untracked 
|  38|0x0000000084e00000, 0x0000000084e00000, 0x0000000084f00000|  0%| F|  |TAMS 0x0000000084e00000, 0x0000000084e00000| Untracked 
|  39|0x0000000084f00000, 0x0000000084f00000, 0x0000000085000000|  0%| F|  |TAMS 0x0000000084f00000, 0x0000000084f00000| Untracked 
|  40|0x0000000085000000, 0x0000000085000000, 0x0000000085100000|  0%| F|  |TAMS 0x0000000085000000, 0x0000000085000000| Untracked 
|  41|0x0000000085100000, 0x0000000085100000, 0x0000000085200000|  0%| F|  |TAMS 0x0000000085100000, 0x0000000085100000| Untracked 
|  42|0x0000000085200000, 0x0000000085200000, 0x0000000085300000|  0%| F|  |TAMS 0x0000000085200000, 0x0000000085200000| Untracked 
|  43|0x0000000085300000, 0x0000000085300000, 0x0000000085400000|  0%| F|  |TAMS 0x0000000085300000, 0x0000000085300000| Untracked 
|  44|0x0000000085400000, 0x0000000085400000, 0x0000000085500000|  0%| F|  |TAMS 0x0000000085400000, 0x0000000085400000| Untracked 
|  45|0x0000000085500000, 0x0000000085500000, 0x0000000085600000|  0%| F|  |TAMS 0x0000000085500000, 0x0000000085500000| Untracked 
|  46|0x0000000085600000, 0x0000000085600000, 0x0000000085700000|  0%| F|  |TAMS 0x0000000085600000, 0x0000000085600000| Untracked 
|  47|0x0000000085700000, 0x0000000085700000, 0x0000000085800000|  0%| F|  |TAMS 0x0000000085700000, 0x0000000085700000| Untracked 
|  48|0x0000000085800000, 0x0000000085800000, 0x0000000085900000|  0%| F|  |TAMS 0x0000000085800000, 0x0000000085800000| Untracked 
|  49|0x0000000085900000, 0x0000000085900000, 0x0000000085a00000|  0%| F|  |TAMS 0x0000000085900000, 0x0000000085900000| Untracked 
|  50|0x0000000085a00000, 0x0000000085a00000, 0x0000000085b00000|  0%| F|  |TAMS 0x0000000085a00000, 0x0000000085a00000| Untracked 
|  51|0x0000000085b00000, 0x0000000085b00000, 0x0000000085c00000|  0%| F|  |TAMS 0x0000000085b00000, 0x0000000085b00000| Untracked 
|  52|0x0000000085c00000, 0x0000000085c00000, 0x0000000085d00000|  0%| F|  |TAMS 0x0000000085c00000, 0x0000000085c00000| Untracked 
|  53|0x0000000085d00000, 0x0000000085d00000, 0x0000000085e00000|  0%| F|  |TAMS 0x0000000085d00000, 0x0000000085d00000| Untracked 
|  54|0x0000000085e00000, 0x0000000085e00000, 0x0000000085f00000|  0%| F|  |TAMS 0x0000000085e00000, 0x0000000085e00000| Untracked 
|  55|0x0000000085f00000, 0x0000000085f00000, 0x0000000086000000|  0%| F|  |TAMS 0x0000000085f00000, 0x0000000085f00000| Untracked 
|  56|0x0000000086000000, 0x0000000086000000, 0x0000000086100000|  0%| F|  |TAMS 0x0000000086000000, 0x0000000086000000| Untracked 
|  57|0x0000000086100000, 0x0000000086100000, 0x0000000086200000|  0%| F|  |TAMS 0x0000000086100000, 0x0000000086100000| Untracked 
|  58|0x0000000086200000, 0x0000000086200000, 0x0000000086300000|  0%| F|  |TAMS 0x0000000086200000, 0x0000000086200000| Untracked 
|  59|0x0000000086300000, 0x0000000086300000, 0x0000000086400000|  0%| F|  |TAMS 0x0000000086300000, 0x0000000086300000| Untracked 
|  60|0x0000000086400000, 0x0000000086400000, 0x0000000086500000|  0%| F|  |TAMS 0x0000000086400000, 0x0000000086400000| Untracked 
|  61|0x0000000086500000, 0x0000000086500000, 0x0000000086600000|  0%| F|  |TAMS 0x0000000086500000, 0x0000000086500000| Untracked 
|  62|0x0000000086600000, 0x0000000086600000, 0x0000000086700000|  0%| F|  |TAMS 0x0000000086600000, 0x0000000086600000| Untracked 
|  63|0x0000000086700000, 0x0000000086700000, 0x0000000086800000|  0%| F|  |TAMS 0x0000000086700000, 0x0000000086700000| Untracked 
|  64|0x0000000086800000, 0x0000000086800000, 0x0000000086900000|  0%| F|  |TAMS 0x0000000086800000, 0x0000000086800000| Untracked 
|  65|0x0000000086900000, 0x0000000086900000, 0x0000000086a00000|  0%| F|  |TAMS 0x0000000086900000, 0x0000000086900000| Untracked 
|  66|0x0000000086a00000, 0x0000000086a00000, 0x0000000086b00000|  0%| F|  |TAMS 0x0000000086a00000, 0x0000000086a00000| Untracked 
|  67|0x0000000086b00000, 0x0000000086b00000, 0x0000000086c00000|  0%| F|  |TAMS 0x0000000086b00000, 0x0000000086b00000| Untracked 
|  68|0x0000000086c00000, 0x0000000086c00000, 0x0000000086d00000|  0%| F|  |TAMS 0x0000000086c00000, 0x0000000086c00000| Untracked 
|  69|0x0000000086d00000, 0x0000000086d00000, 0x0000000086e00000|  0%| F|  |TAMS 0x0000000086d00000, 0x0000000086d00000| Untracked 
|  70|0x0000000086e00000, 0x0000000086e00000, 0x0000000086f00000|  0%| F|  |TAMS 0x0000000086e00000, 0x0000000086e00000| Untracked 
|  71|0x0000000086f00000, 0x0000000086f00000, 0x0000000087000000|  0%| F|  |TAMS 0x0000000086f00000, 0x0000000086f00000| Untracked 
|  72|0x0000000087000000, 0x0000000087000000, 0x0000000087100000|  0%| F|  |TAMS 0x0000000087000000, 0x0000000087000000| Untracked 
|  73|0x0000000087100000, 0x0000000087100000, 0x0000000087200000|  0%| F|  |TAMS 0x0000000087100000, 0x0000000087100000| Untracked 
|  74|0x0000000087200000, 0x0000000087200000, 0x0000000087300000|  0%| F|  |TAMS 0x0000000087200000, 0x0000000087200000| Untracked 
|  75|0x0000000087300000, 0x0000000087300000, 0x0000000087400000|  0%| F|  |TAMS 0x0000000087300000, 0x0000000087300000| Untracked 
|  76|0x0000000087400000, 0x0000000087400000, 0x0000000087500000|  0%| F|  |TAMS 0x0000000087400000, 0x0000000087400000| Untracked 
|  77|0x0000000087500000, 0x0000000087500000, 0x0000000087600000|  0%| F|  |TAMS 0x0000000087500000, 0x0000000087500000| Untracked 
|  78|0x0000000087600000, 0x0000000087600000, 0x0000000087700000|  0%| F|  |TAMS 0x0000000087600000, 0x0000000087600000| Untracked 
|  79|0x0000000087700000, 0x0000000087700000, 0x0000000087800000|  0%| F|  |TAMS 0x0000000087700000, 0x0000000087700000| Untracked 
|  80|0x0000000087800000, 0x0000000087800000, 0x0000000087900000|  0%| F|  |TAMS 0x0000000087800000, 0x0000000087800000| Untracked 
|  81|0x0000000087900000, 0x0000000087900000, 0x0000000087a00000|  0%| F|  |TAMS 0x0000000087900000, 0x0000000087900000| Untracked 
|  82|0x0000000087a00000, 0x0000000087a00000, 0x0000000087b00000|  0%| F|  |TAMS 0x0000000087a00000, 0x0000000087a00000| Untracked 
|  83|0x0000000087b00000, 0x0000000087b00000, 0x0000000087c00000|  0%| F|  |TAMS 0x0000000087b00000, 0x0000000087b00000| Untracked 
|  84|0x0000000087c00000, 0x0000000087c00000, 0x0000000087d00000|  0%| F|  |TAMS 0x0000000087c00000, 0x0000000087c00000| Untracked 
|  85|0x0000000087d00000, 0x0000000087d00000, 0x0000000087e00000|  0%| F|  |TAMS 0x0000000087d00000, 0x0000000087d00000| Untracked 
|  86|0x0000000087e00000, 0x0000000087e00000, 0x0000000087f00000|  0%| F|  |TAMS 0x0000000087e00000, 0x0000000087e00000| Untracked 
|  87|0x0000000087f00000, 0x0000000087f00000, 0x0000000088000000|  0%| F|  |TAMS 0x0000000087f00000, 0x0000000087f00000| Untracked 
|  88|0x0000000088000000, 0x0000000088000000, 0x0000000088100000|  0%| F|  |TAMS 0x0000000088000000, 0x0000000088000000| Untracked 
|  89|0x0000000088100000, 0x0000000088100000, 0x0000000088200000|  0%| F|  |TAMS 0x0000000088100000, 0x0000000088100000| Untracked 
|  90|0x0000000088200000, 0x0000000088200000, 0x0000000088300000|  0%| F|  |TAMS 0x0000000088200000, 0x0000000088200000| Untracked 
|  91|0x0000000088300000, 0x0000000088300000, 0x0000000088400000|  0%| F|  |TAMS 0x0000000088300000, 0x0000000088300000| Untracked 
|  92|0x0000000088400000, 0x0000000088400000, 0x0000000088500000|  0%| F|  |TAMS 0x0000000088400000, 0x0000000088400000| Untracked 
|  93|0x0000000088500000, 0x0000000088500000, 0x0000000088600000|  0%| F|  |TAMS 0x0000000088500000, 0x0000000088500000| Untracked 
|  94|0x0000000088600000, 0x0000000088600000, 0x0000000088700000|  0%| F|  |TAMS 0x0000000088600000, 0x0000000088600000| Untracked 
|  95|0x0000000088700000, 0x0000000088700000, 0x0000000088800000|  0%| F|  |TAMS 0x0000000088700000, 0x0000000088700000| Untracked 
|  96|0x0000000088800000, 0x0000000088800000, 0x0000000088900000|  0%| F|  |TAMS 0x0000000088800000, 0x0000000088800000| Untracked 
|  97|0x0000000088900000, 0x0000000088900000, 0x0000000088a00000|  0%| F|  |TAMS 0x0000000088900000, 0x0000000088900000| Untracked 
|  98|0x0000000088a00000, 0x0000000088a00000, 0x0000000088b00000|  0%| F|  |TAMS 0x0000000088a00000, 0x0000000088a00000| Untracked 
|  99|0x0000000088b00000, 0x0000000088b00000, 0x0000000088c00000|  0%| F|  |TAMS 0x0000000088b00000, 0x0000000088b00000| Untracked 
| 100|0x0000000088c00000, 0x0000000088c00000, 0x0000000088d00000|  0%| F|  |TAMS 0x0000000088c00000, 0x0000000088c00000| Untracked 
| 101|0x0000000088d00000, 0x0000000088d00000, 0x0000000088e00000|  0%| F|  |TAMS 0x0000000088d00000, 0x0000000088d00000| Untracked 
| 102|0x0000000088e00000, 0x0000000088e00000, 0x0000000088f00000|  0%| F|  |TAMS 0x0000000088e00000, 0x0000000088e00000| Untracked 
| 103|0x0000000088f00000, 0x0000000088f00000, 0x0000000089000000|  0%| F|  |TAMS 0x0000000088f00000, 0x0000000088f00000| Untracked 
| 104|0x0000000089000000, 0x0000000089000000, 0x0000000089100000|  0%| F|  |TAMS 0x0000000089000000, 0x0000000089000000| Untracked 
| 105|0x0000000089100000, 0x0000000089100000, 0x0000000089200000|  0%| F|  |TAMS 0x0000000089100000, 0x0000000089100000| Untracked 
| 106|0x0000000089200000, 0x0000000089200000, 0x0000000089300000|  0%| F|  |TAMS 0x0000000089200000, 0x0000000089200000| Untracked 
| 107|0x0000000089300000, 0x0000000089300000, 0x0000000089400000|  0%| F|  |TAMS 0x0000000089300000, 0x0000000089300000| Untracked 
| 108|0x0000000089400000, 0x0000000089400000, 0x0000000089500000|  0%| F|  |TAMS 0x0000000089400000, 0x0000000089400000| Untracked 
| 109|0x0000000089500000, 0x0000000089500000, 0x0000000089600000|  0%| F|  |TAMS 0x0000000089500000, 0x0000000089500000| Untracked 
| 110|0x0000000089600000, 0x0000000089600000, 0x0000000089700000|  0%| F|  |TAMS 0x0000000089600000, 0x0000000089600000| Untracked 
| 111|0x0000000089700000, 0x0000000089700000, 0x0000000089800000|  0%| F|  |TAMS 0x0000000089700000, 0x0000000089700000| Untracked 
| 112|0x0000000089800000, 0x0000000089800000, 0x0000000089900000|  0%| F|  |TAMS 0x0000000089800000, 0x0000000089800000| Untracked 
| 113|0x0000000089900000, 0x0000000089900000, 0x0000000089a00000|  0%| F|  |TAMS 0x0000000089900000, 0x0000000089900000| Untracked 
| 114|0x0000000089a00000, 0x0000000089a00000, 0x0000000089b00000|  0%| F|  |TAMS 0x0000000089a00000, 0x0000000089a00000| Untracked 
| 115|0x0000000089b00000, 0x0000000089b00000, 0x0000000089c00000|  0%| F|  |TAMS 0x0000000089b00000, 0x0000000089b00000| Untracked 
| 116|0x0000000089c00000, 0x0000000089c00000, 0x0000000089d00000|  0%| F|  |TAMS 0x0000000089c00000, 0x0000000089c00000| Untracked 
| 117|0x0000000089d00000, 0x0000000089d00000, 0x0000000089e00000|  0%| F|  |TAMS 0x0000000089d00000, 0x0000000089d00000| Untracked 
| 118|0x0000000089e00000, 0x0000000089e00000, 0x0000000089f00000|  0%| F|  |TAMS 0x0000000089e00000, 0x0000000089e00000| Untracked 
| 119|0x0000000089f00000, 0x0000000089f00000, 0x000000008a000000|  0%| F|  |TAMS 0x0000000089f00000, 0x0000000089f00000| Untracked 
| 120|0x000000008a000000, 0x000000008a000000, 0x000000008a100000|  0%| F|  |TAMS 0x000000008a000000, 0x000000008a000000| Untracked 
| 121|0x000000008a100000, 0x000000008a100000, 0x000000008a200000|  0%| F|  |TAMS 0x000000008a100000, 0x000000008a100000| Untracked 
| 122|0x000000008a200000, 0x000000008a200000, 0x000000008a300000|  0%| F|  |TAMS 0x000000008a200000, 0x000000008a200000| Untracked 
| 123|0x000000008a300000, 0x000000008a3e10b0, 0x000000008a400000| 87%| S|CS|TAMS 0x000000008a300000, 0x000000008a300000| Complete 
| 124|0x000000008a400000, 0x000000008a400000, 0x000000008a500000|  0%| F|  |TAMS 0x000000008a400000, 0x000000008a400000| Untracked 
| 125|0x000000008a500000, 0x000000008a500000, 0x000000008a600000|  0%| F|  |TAMS 0x000000008a500000, 0x000000008a500000| Untracked 

Card table byte_map: [0x0000016f4d160000,0x0000016f4d550000] _byte_map_base: 0x0000016f4cd4c000

Marking Bits (Prev, Next): (CMBitMap*) 0x0000016f352de5d8, (CMBitMap*) 0x0000016f352de618
 Prev Bits: [0x0000016f4d940000, 0x0000016f4f8a0000)
 Next Bits: [0x0000016f4f8a0000, 0x0000016f51800000)

Polling page: 0x0000016f332b0000

Metaspace:

Usage:
  Non-class:      1.19 MB capacity,     1.13 MB ( 95%) used,    55.90 KB (  5%) free+waste,     3.31 KB ( <1%) overhead. 
      Class:    512.00 KB capacity,   149.05 KB ( 29%) used,   361.20 KB ( 71%) free+waste,     1.75 KB ( <1%) overhead. 
       Both:      1.69 MB capacity,     1.27 MB ( 76%) used,   417.10 KB ( 24%) free+waste,     5.06 KB ( <1%) overhead. 

Virtual space:
  Non-class space:       14.00 MB reserved,       1.25 MB (  9%) committed 
      Class space:        1.00 GB reserved,     512.00 KB ( <1%) committed 
             Both:        1.01 GB reserved,       1.75 MB ( <1%) committed 

Chunk freelists:
   Non-Class:  2.00 KB
       Class:  0 bytes
        Both:  2.00 KB

MaxMetaspaceSize: 17179869184.00 GB
CompressedClassSpaceSize: 1.00 GB

CodeHeap 'non-profiled nmethods': size=120000Kb used=75Kb max_used=75Kb free=119925Kb
 bounds [0x0000016f45510000, 0x0000016f45780000, 0x0000016f4ca40000]
CodeHeap 'profiled nmethods': size=120000Kb used=321Kb max_used=321Kb free=119678Kb
 bounds [0x0000016f3dfe0000, 0x0000016f3e250000, 0x0000016f45510000]
CodeHeap 'non-nmethods': size=5760Kb used=1114Kb max_used=1124Kb free=4645Kb
 bounds [0x0000016f3da40000, 0x0000016f3dcb0000, 0x0000016f3dfe0000]
 total_blobs=616 nmethods=263 adapters=266
 compilation: enabled
              stopped_count=0, restarted_count=0
 full_count=0

Compilation events (20 events):
Event: 0.309 Thread 0x0000016f5427e000 nmethod 253 0x0000016f3e02d390 code [0x0000016f3e02d540, 0x0000016f3e02d6e8]
Event: 0.309 Thread 0x0000016f5427e000  254       1       java.lang.invoke.MethodType::ptypes (5 bytes)
Event: 0.309 Thread 0x0000016f5427e000 nmethod 254 0x0000016f45522610 code [0x0000016f455227a0, 0x0000016f45522878]
Event: 0.315 Thread 0x0000016f5427e000  256       3       java.lang.String::<init> (10 bytes)
Event: 0.315 Thread 0x0000016f5427e000 nmethod 256 0x0000016f3e02d790 code [0x0000016f3e02d940, 0x0000016f3e02daa8]
Event: 0.318 Thread 0x0000016f5427e000  257       3       java.util.regex.CharPredicates$$Lambda$15/0x0000000800b97440::is (5 bytes)
Event: 0.319 Thread 0x0000016f5427e000 nmethod 257 0x0000016f3e02db90 code [0x0000016f3e02dd60, 0x0000016f3e02e178]
Event: 0.319 Thread 0x0000016f5427e000  258       3       java.util.regex.CharPredicates::lambda$ASCII_SPACE$17 (20 bytes)
Event: 0.319 Thread 0x0000016f5427e000 nmethod 258 0x0000016f3e02e310 code [0x0000016f3e02e4c0, 0x0000016f3e02e838]
Event: 0.319 Thread 0x0000016f5427e000  259       3       java.util.regex.Pattern::has (15 bytes)
Event: 0.319 Thread 0x0000016f5427e000 nmethod 259 0x0000016f3e02e990 code [0x0000016f3e02eb20, 0x0000016f3e02ec98]
Event: 0.320 Thread 0x0000016f5427e000  260       3       java.util.regex.Pattern$BmpCharPropertyGreedy::match (89 bytes)
Event: 0.321 Thread 0x0000016f5427e000 nmethod 260 0x0000016f3e02ed10 code [0x0000016f3e02ef20, 0x0000016f3e02f8f8]
Event: 0.321 Thread 0x0000016f5427e000  261       1       java.util.LinkedHashMap::removeEldestEntry (2 bytes)
Event: 0.321 Thread 0x0000016f5427e000 nmethod 261 0x0000016f45522910 code [0x0000016f45522aa0, 0x0000016f45522b78]
Event: 0.321 Thread 0x0000016f5427e000  262       3       java.util.regex.Pattern::peek (26 bytes)
Event: 0.322 Thread 0x0000016f5427e000 nmethod 262 0x0000016f3e02fc10 code [0x0000016f3e02fdc0, 0x0000016f3e030048]
Event: 0.323 Thread 0x0000016f5427e000  263       3       java.lang.Enum::<init> (15 bytes)
Event: 0.324 Thread 0x0000016f5427e000 nmethod 263 0x0000016f3e030190 code [0x0000016f3e030320, 0x0000016f3e0304f8]
Event: 0.325 Thread 0x0000016f5427e000  264       3       java.lang.invoke.MethodType$ConcurrentWeakInternSet::expungeStaleElements (27 bytes)

GC Heap History (2 events):
Event: 0.326 GC heap before
{Heap before GC invocations=0 (full 0):
 garbage-first heap   total 129024K, used 1024K [0x0000000082800000, 0x0000000100000000)
  region size 1024K, 2 young (2048K), 0 survivors (0K)
 Metaspace       used 1303K, capacity 1726K, committed 1792K, reserved 1062912K
  class space    used 149K, capacity 512K, committed 512K, reserved 1048576K
}
Event: 0.334 GC heap after
{Heap after GC invocations=1 (full 0):
 garbage-first heap   total 129024K, used 900K [0x0000000082800000, 0x0000000100000000)
  region size 1024K, 1 young (1024K), 1 survivors (1024K)
 Metaspace       used 1303K, capacity 1726K, committed 1792K, reserved 1062912K
  class space    used 149K, capacity 512K, committed 512K, reserved 1048576K
}

Deoptimization events (16 events):
Event: 0.312 Thread 0x0000016f3529d800 Uncommon trap: trap_request=0xffffffde fr.pc=0x0000016f4551e304 relative=0x0000000000000824
Event: 0.312 Thread 0x0000016f3529d800 Uncommon trap: reason=class_check action=maybe_recompile pc=0x0000016f4551e304 method=java.util.HashMap.putVal(ILjava/lang/Object;Ljava/lang/Object;ZZ)Ljava/lang/Object; @ 152 c2
Event: 0.312 Thread 0x0000016f3529d800 DEOPT PACKING pc=0x0000016f4551e304 sp=0x000000242e2fd690
Event: 0.312 Thread 0x0000016f3529d800 DEOPT UNPACKING pc=0x0000016f3da8912f sp=0x000000242e2fd610 mode 2
Event: 0.316 Thread 0x0000016f3529d800 Uncommon trap: trap_request=0xffffffde fr.pc=0x0000016f4551e304 relative=0x0000000000000824
Event: 0.316 Thread 0x0000016f3529d800 Uncommon trap: reason=class_check action=maybe_recompile pc=0x0000016f4551e304 method=java.util.HashMap.putVal(ILjava/lang/Object;Ljava/lang/Object;ZZ)Ljava/lang/Object; @ 152 c2
Event: 0.316 Thread 0x0000016f3529d800 DEOPT PACKING pc=0x0000016f4551e304 sp=0x000000242e2fd7a0
Event: 0.316 Thread 0x0000016f3529d800 DEOPT UNPACKING pc=0x0000016f3da8912f sp=0x000000242e2fd720 mode 2
Event: 0.316 Thread 0x0000016f3529d800 Uncommon trap: trap_request=0xffffffde fr.pc=0x0000016f4551e304 relative=0x0000000000000824
Event: 0.316 Thread 0x0000016f3529d800 Uncommon trap: reason=class_check action=maybe_recompile pc=0x0000016f4551e304 method=java.util.HashMap.putVal(ILjava/lang/Object;Ljava/lang/Object;ZZ)Ljava/lang/Object; @ 152 c2
Event: 0.316 Thread 0x0000016f3529d800 DEOPT PACKING pc=0x0000016f4551e304 sp=0x000000242e2fd7a0
Event: 0.316 Thread 0x0000016f3529d800 DEOPT UNPACKING pc=0x0000016f3da8912f sp=0x000000242e2fd720 mode 2
Event: 0.316 Thread 0x0000016f3529d800 Uncommon trap: trap_request=0xffffffde fr.pc=0x0000016f4551e304 relative=0x0000000000000824
Event: 0.316 Thread 0x0000016f3529d800 Uncommon trap: reason=class_check action=maybe_recompile pc=0x0000016f4551e304 method=java.util.HashMap.putVal(ILjava/lang/Object;Ljava/lang/Object;ZZ)Ljava/lang/Object; @ 152 c2
Event: 0.316 Thread 0x0000016f3529d800 DEOPT PACKING pc=0x0000016f4551e304 sp=0x000000242e2fd7a0
Event: 0.316 Thread 0x0000016f3529d800 DEOPT UNPACKING pc=0x0000016f3da8912f sp=0x000000242e2fd720 mode 2

Classes unloaded (0 events):
No events

Classes redefined (0 events):
No events

Internal exceptions (0 events):
No events

Events (20 events):
Event: 0.268 loading class java/net/URISyntaxException done
Event: 0.273 loading class java/nio/charset/IllegalCharsetNameException
Event: 0.273 loading class java/nio/charset/IllegalCharsetNameException done
Event: 0.273 loading class java/nio/charset/UnsupportedCharsetException
Event: 0.273 loading class java/nio/charset/UnsupportedCharsetException done
Event: 0.273 loading class java/net/URLClassLoader
Event: 0.274 loading class java/net/URLClassLoader done
Event: 0.285 loading class java/net/MalformedURLException
Event: 0.285 loading class java/net/MalformedURLException done
Event: 0.286 loading class java/io/UnsupportedEncodingException
Event: 0.286 loading class java/io/UnsupportedEncodingException done
Event: 0.286 loading class java/io/UncheckedIOException
Event: 0.286 loading class java/io/UncheckedIOException done
Event: 0.286 loading class java/nio/file/ProviderNotFoundException
Event: 0.286 loading class java/nio/file/ProviderNotFoundException done
Event: 0.286 loading class java/lang/SecurityException
Event: 0.286 loading class java/lang/SecurityException done
Event: 0.322 loading class java/io/FileWriter
Event: 0.322 loading class java/io/FileWriter done
Event: 0.326 Executing VM operation: CollectForMetadataAllocation


Dynamic libraries:
0x00007ff701e70000 - 0x00007ff701e7f000 	C:\Program Files\Java\jdk-14.0.2\bin\java.exe
0x00007fffa55c0000 - 0x00007fffa57b0000 	C:\WINDOWS\SYSTEM32\ntdll.dll
0x00007fffa4f50000 - 0x00007fffa5002000 	C:\WINDOWS\System32\KERNEL32.DLL
0x00007fffa30f0000 - 0x00007fffa3395000 	C:\WINDOWS\System32\KERNELBASE.dll
0x00007fffa33a0000 - 0x00007fffa349a000 	C:\WINDOWS\System32\ucrtbase.dll
0x00007fff77c50000 - 0x00007fff77c65000 	C:\Program Files\Java\jdk-14.0.2\bin\VCRUNTIME140.dll
0x00007fff78e30000 - 0x00007fff78e48000 	C:\Program Files\Java\jdk-14.0.2\bin\jli.dll
0x00007fffa44d0000 - 0x00007fffa4573000 	C:\WINDOWS\System32\ADVAPI32.dll
0x00007fffa54d0000 - 0x00007fffa556e000 	C:\WINDOWS\System32\msvcrt.dll
0x00007fffa3e40000 - 0x00007fffa3ed7000 	C:\WINDOWS\System32\sechost.dll
0x00007fffa53b0000 - 0x00007fffa54d0000 	C:\WINDOWS\System32\RPCRT4.dll
0x00007fffa3880000 - 0x00007fffa3a15000 	C:\WINDOWS\System32\USER32.dll
0x00007fffa34a0000 - 0x00007fffa34c1000 	C:\WINDOWS\System32\win32u.dll
0x00007fffa4e10000 - 0x00007fffa4e36000 	C:\WINDOWS\System32\GDI32.dll
0x00007fffa2550000 - 0x00007fffa26e6000 	C:\WINDOWS\System32\gdi32full.dll
0x00007fff85a60000 - 0x00007fff85ce4000 	C:\WINDOWS\WinSxS\amd64_microsoft.windows.common-controls_6595b64144ccf1df_6.0.18362.1082_none_9e8193e1e45b25c1\COMCTL32.dll
0x00007fffa3500000 - 0x00007fffa359e000 	C:\WINDOWS\System32\msvcp_win.dll
0x00007fffa5070000 - 0x00007fffa53a5000 	C:\WINDOWS\System32\combase.dll
0x00007fffa3010000 - 0x00007fffa3090000 	C:\WINDOWS\System32\bcryptPrimitives.dll
0x00007fff96440000 - 0x00007fff9644a000 	C:\WINDOWS\SYSTEM32\VERSION.dll
0x00007fffa4350000 - 0x00007fffa437e000 	C:\WINDOWS\System32\IMM32.DLL
0x00007fff689f0000 - 0x00007fff68a8b000 	C:\Program Files\Java\jdk-14.0.2\bin\msvcp140.dll
0x00007fff421e0000 - 0x00007fff42cfe000 	C:\Program Files\Java\jdk-14.0.2\bin\server\jvm.dll
0x00007fffa5570000 - 0x00007fffa5578000 	C:\WINDOWS\System32\PSAPI.DLL
0x00007fff9bec0000 - 0x00007fff9bee4000 	C:\WINDOWS\SYSTEM32\WINMM.dll
0x00007fff9bdd0000 - 0x00007fff9bdfd000 	C:\WINDOWS\SYSTEM32\winmmbase.dll
0x00007fffa26f0000 - 0x00007fffa273a000 	C:\WINDOWS\System32\cfgmgr32.dll
0x00007fff825a0000 - 0x00007fff825a9000 	C:\WINDOWS\SYSTEM32\WSOCK32.dll
0x00007fffa4c70000 - 0x00007fffa4cdf000 	C:\WINDOWS\System32\WS2_32.dll
0x00007fffa2490000 - 0x00007fffa24a1000 	C:\WINDOWS\System32\kernel.appcore.dll
0x00007fff8d420000 - 0x00007fff8d42a000 	C:\Program Files\Java\jdk-14.0.2\bin\jimage.dll
0x00007fffa0d70000 - 0x00007fffa0f64000 	C:\WINDOWS\SYSTEM32\DBGHELP.DLL
0x00007fff82060000 - 0x00007fff8208a000 	C:\WINDOWS\SYSTEM32\dbgcore.DLL
0x00007fff705e0000 - 0x00007fff70605000 	C:\Program Files\Java\jdk-14.0.2\bin\java.dll
0x00007fff75d60000 - 0x00007fff75d76000 	C:\Program Files\Java\jdk-14.0.2\bin\zip.dll
0x00007fffa4580000 - 0x00007fffa4c67000 	C:\WINDOWS\System32\SHELL32.dll
0x00007fffa4ce0000 - 0x00007fffa4d89000 	C:\WINDOWS\System32\shcore.dll
0x00007fffa2890000 - 0x00007fffa3010000 	C:\WINDOWS\System32\windows.storage.dll
0x00007fffa2500000 - 0x00007fffa2523000 	C:\WINDOWS\System32\profapi.dll
0x00007fffa24b0000 - 0x00007fffa24fa000 	C:\WINDOWS\System32\powrprof.dll
0x00007fffa2480000 - 0x00007fffa2490000 	C:\WINDOWS\System32\UMPDC.dll
0x00007fffa4e40000 - 0x00007fffa4e92000 	C:\WINDOWS\System32\shlwapi.dll
0x00007fffa35a0000 - 0x00007fffa35b7000 	C:\WINDOWS\System32\cryptsp.dll
0x00007fff6f3a0000 - 0x00007fff6f3b9000 	C:\Program Files\Java\jdk-14.0.2\bin\net.dll
0x00007fff9f940000 - 0x00007fff9fa30000 	C:\WINDOWS\SYSTEM32\WINHTTP.dll
0x00007fffa1cd0000 - 0x00007fffa1d37000 	C:\WINDOWS\system32\mswsock.dll
0x00007fff6f380000 - 0x00007fff6f392000 	C:\Program Files\Java\jdk-14.0.2\bin\nio.dll

dbghelp: loaded successfully - version: 4.0.5 - missing functions: none
symbol engine: initialized successfully - sym options: 0x614 - pdb path: .;C:\Program Files\Java\jdk-14.0.2\bin;C:\WINDOWS\SYSTEM32;C:\WINDOWS\WinSxS\amd64_microsoft.windows.common-controls_6595b64144ccf1df_6.0.18362.1082_none_9e8193e1e45b25c1;C:\Program Files\Java\jdk-14.0.2\bin\server

VM Arguments:
jvm_args: --add-modules=ALL-DEFAULT 
java_command: jdk.compiler/com.sun.tools.javac.launcher.Main hw1.java k1.txt p1.txt
java_class_path (initial): .
Launcher Type: SUN_STANDARD

[Global flags]
     intx CICompilerCount                          = 4                                         {product} {ergonomic}
     uint ConcGCThreads                            = 2                                         {product} {ergonomic}
     uint G1ConcRefinementThreads                  = 8                                         {product} {ergonomic}
   size_t G1HeapRegionSize                         = 1048576                                   {product} {ergonomic}
    uintx GCDrainStackTargetSize                   = 64                                        {product} {ergonomic}
   size_t InitialHeapSize                          = 132120576                                 {product} {ergonomic}
   size_t MarkStackSize                            = 4194304                                   {product} {ergonomic}
   size_t MaxHeapSize                              = 2105540608                                {product} {ergonomic}
   size_t MaxNewSize                               = 1262485504                                {product} {ergonomic}
   size_t MinHeapDeltaBytes                        = 1048576                                   {product} {ergonomic}
   size_t MinHeapSize                              = 8388608                                   {product} {ergonomic}
    uintx NonNMethodCodeHeapSize                   = 5839372                                {pd product} {ergonomic}
    uintx NonProfiledCodeHeapSize                  = 122909434                              {pd product} {ergonomic}
    uintx ProfiledCodeHeapSize                     = 122909434                              {pd product} {ergonomic}
    uintx ReservedCodeCacheSize                    = 251658240                              {pd product} {ergonomic}
     bool SegmentedCodeCache                       = true                                      {product} {ergonomic}
   size_t SoftMaxHeapSize                          = 2105540608                             {manageable} {ergonomic}
     bool UseCompressedClassPointers               = true                                 {lp64_product} {ergonomic}
     bool UseCompressedOops                        = true                                 {lp64_product} {ergonomic}
     bool UseG1GC                                  = true                                      {product} {ergonomic}
     bool UseLargePagesIndividualAllocation        = false                                  {pd product} {ergonomic}

Logging:
Log output configuration:
 #0: stdout all=warning uptime,level,tags
 #1: stderr all=off uptime,level,tags

Environment Variables:
JAVA_HOME=C:\Program Files\Java\jdk-14.0.2
PATH=C:\Program Files (x86)\Intel\Intel(R) Management Engine Components\iCLS\;C:\Program Files\Intel\Intel(R) Management Engine Components\iCLS\;C:\WINDOWS\system32;C:\WINDOWS;C:\WINDOWS\System32\Wbem;C:\WINDOWS\System32\WindowsPowerShell\v1.0\;C:\WINDOWS\System32\OpenSSH\;C:\Program Files (x86)\Intel\Intel(R) Management Engine Components\DAL;C:\Program Files\Intel\Intel(R) Management Engine Components\DAL;C:\Program Files (x86)\Intel\Intel(R) Management Engine Components\IPT;C:\Program Files\Intel\Intel(R) Management Engine Components\IPT;C:\Program Files\Intel\WiFi\bin\;C:\Program Files\Common Files\Intel\WirelessCommon\;C:\Program Files\Java\jdk-14.0.2\bin;C:\Program Files\Git\cmd;C:\Program Files\Java\jdk-14.0.2\bin
USERNAME=nesto
OS=Windows_NT
PROCESSOR_IDENTIFIER=Intel64 Family 6 Model 142 Stepping 10, GenuineIntel



---------------  S Y S T E M  ---------------

OS: Windows 10 , 64 bit Build 18362 (10.0.18362.1082)
OS uptime: 0 days 21:57 hours

CPU:total 8 (initial active 8) (4 cores per cpu, 2 threads per core) family 6 model 142 stepping 10, cmov, cx8, fxsr, mmx, sse, sse2, sse3, ssse3, sse4.1, sse4.2, popcnt, avx, avx2, aes, clmul, erms, 3dnowpref, lzcnt, ht, tsc, tscinvbit, bmi1, bmi2, adx, fma

Memory: 4k page, system-wide physical 8026M (1571M free)
TotalPageFile size 9050M (AvailPageFile size 1M)
current process WorkingSet (physical memory assigned to process): 35M, peak: 35M
current process commit charge ("private bytes"): 210M, peak: 211M

vm_info: Java HotSpot(TM) 64-Bit Server VM (14.0.2+12-46) for windows-amd64 JRE (14.0.2+12-46), built on Jul  9 2020 00:35:52 by "mach5one" with MS VC++ 15.9 (VS2017)

END.
